{"message":"Logger is working","level":"info"}
{"message":"Testing errors too!","level":"error"}
{"message":"Logger is working","level":"info"}
{"message":"Testing errors too!","level":"error"}
{"message":"Logger is working","level":"info"}
{"message":"Testing errors too!","level":"error"}
{"message":"Logger is working","level":"info"}
{"message":"Testing errors too!","level":"error"}
{"message":"Logger is working","level":"info"}
{"message":"Testing errors too!","level":"error"}
{"message":"Logger is working","level":"info"}
{"message":"Testing errors too!","level":"error"}
{"message":"Logger is working","level":"info"}
{"message":"Testing errors too!","level":"error"}
{"message":"Logger is working","level":"info"}
{"message":"Testing errors too!","level":"error"}
{"message":"Logger is working","level":"info"}
{"message":"Testing errors too!","level":"error"}
{"error":{"message":"listen EADDRINUSE: address already in use :::4000","stack":"Error: listen EADDRINUSE: address already in use :::4000\n    at Server.setupListenHandle [as _listen2] (net.js:1280:14)\n    at listenInCluster (net.js:1328:12)\n    at Server.listen (net.js:1415:7)\n    at Object.<anonymous> (/mnt/d/wsl/hyperledger_projects/conun-blockchain-middleware/app.js:70:37)\n    at Module._compile (internal/modules/cjs/loader.js:778:30)\n    at Object.Module._extensions..js (internal/modules/cjs/loader.js:789:10)\n    at Module.load (internal/modules/cjs/loader.js:653:32)\n    at tryModuleLoad (internal/modules/cjs/loader.js:593:12)\n    at Function.Module._load (internal/modules/cjs/loader.js:585:3)\n    at Function.Module.runMain (internal/modules/cjs/loader.js:831:12)\n    at startup (internal/bootstrap/node.js:283:19)\n    at bootstrapNodeJSCore (internal/bootstrap/node.js:623:3)","code":"EADDRINUSE","errno":"EADDRINUSE","syscall":"listen","address":"::","port":4000},"level":"error","message":"uncaughtException: listen EADDRINUSE: address already in use :::4000\nError: listen EADDRINUSE: address already in use :::4000\n    at Server.setupListenHandle [as _listen2] (net.js:1280:14)\n    at listenInCluster (net.js:1328:12)\n    at Server.listen (net.js:1415:7)\n    at Object.<anonymous> (/mnt/d/wsl/hyperledger_projects/conun-blockchain-middleware/app.js:70:37)\n    at Module._compile (internal/modules/cjs/loader.js:778:30)\n    at Object.Module._extensions..js (internal/modules/cjs/loader.js:789:10)\n    at Module.load (internal/modules/cjs/loader.js:653:32)\n    at tryModuleLoad (internal/modules/cjs/loader.js:593:12)\n    at Function.Module._load (internal/modules/cjs/loader.js:585:3)\n    at Function.Module.runMain (internal/modules/cjs/loader.js:831:12)\n    at startup (internal/bootstrap/node.js:283:19)\n    at bootstrapNodeJSCore (internal/bootstrap/node.js:623:3)","stack":"Error: listen EADDRINUSE: address already in use :::4000\n    at Server.setupListenHandle [as _listen2] (net.js:1280:14)\n    at listenInCluster (net.js:1328:12)\n    at Server.listen (net.js:1415:7)\n    at Object.<anonymous> (/mnt/d/wsl/hyperledger_projects/conun-blockchain-middleware/app.js:70:37)\n    at Module._compile (internal/modules/cjs/loader.js:778:30)\n    at Object.Module._extensions..js (internal/modules/cjs/loader.js:789:10)\n    at Module.load (internal/modules/cjs/loader.js:653:32)\n    at tryModuleLoad (internal/modules/cjs/loader.js:593:12)\n    at Function.Module._load (internal/modules/cjs/loader.js:585:3)\n    at Function.Module.runMain (internal/modules/cjs/loader.js:831:12)\n    at startup (internal/bootstrap/node.js:283:19)\n    at bootstrapNodeJSCore (internal/bootstrap/node.js:623:3)","exception":true,"date":"Mon Nov 30 2020 12:35:33 GMT+0900 (Korean Standard Time)","process":{"pid":3088,"uid":1000,"gid":1000,"cwd":"/mnt/d/wsl/hyperledger_projects/conun-blockchain-middleware","execPath":"/usr/bin/node","version":"v10.19.0","argv":["/usr/bin/node","/mnt/d/wsl/hyperledger_projects/conun-blockchain-middleware/app.js"],"memoryUsage":{"rss":126742528,"heapTotal":83427328,"heapUsed":53775880,"external":20877551}},"os":{"loadavg":[0.35498046875,0.19873046875,0.1748046875],"uptime":270985},"trace":[{"column":14,"file":"net.js","function":"Server.setupListenHandle [as _listen2]","line":1280,"method":"setupListenHandle [as _listen2]","native":false},{"column":12,"file":"net.js","function":"listenInCluster","line":1328,"method":null,"native":false},{"column":7,"file":"net.js","function":"Server.listen","line":1415,"method":"listen","native":false},{"column":37,"file":"/mnt/d/wsl/hyperledger_projects/conun-blockchain-middleware/app.js","function":null,"line":70,"method":null,"native":false},{"column":30,"file":"internal/modules/cjs/loader.js","function":"Module._compile","line":778,"method":"_compile","native":false},{"column":10,"file":"internal/modules/cjs/loader.js","function":"Module._extensions..js","line":789,"method":".js","native":false},{"column":32,"file":"internal/modules/cjs/loader.js","function":"Module.load","line":653,"method":"load","native":false},{"column":12,"file":"internal/modules/cjs/loader.js","function":"tryModuleLoad","line":593,"method":null,"native":false},{"column":3,"file":"internal/modules/cjs/loader.js","function":"Module._load","line":585,"method":"_load","native":false},{"column":12,"file":"internal/modules/cjs/loader.js","function":"Module.runMain","line":831,"method":"runMain","native":false},{"column":19,"file":"internal/bootstrap/node.js","function":"startup","line":283,"method":null,"native":false},{"column":3,"file":"internal/bootstrap/node.js","function":"bootstrapNodeJSCore","line":623,"method":null,"native":false}]}
{"level":"error","message":">> uncaughtException: "}
{"message":"Logger is working","level":"info"}
{"message":"Testing errors too!","level":"error"}
{"error":{"message":"listen EADDRINUSE: address already in use :::4000","stack":"Error: listen EADDRINUSE: address already in use :::4000\n    at Server.setupListenHandle [as _listen2] (net.js:1280:14)\n    at listenInCluster (net.js:1328:12)\n    at Server.listen (net.js:1415:7)\n    at Object.<anonymous> (/mnt/d/wsl/hyperledger_projects/conun-blockchain-middleware/app.js:70:37)\n    at Module._compile (internal/modules/cjs/loader.js:778:30)\n    at Object.Module._extensions..js (internal/modules/cjs/loader.js:789:10)\n    at Module.load (internal/modules/cjs/loader.js:653:32)\n    at tryModuleLoad (internal/modules/cjs/loader.js:593:12)\n    at Function.Module._load (internal/modules/cjs/loader.js:585:3)\n    at Function.Module.runMain (internal/modules/cjs/loader.js:831:12)\n    at startup (internal/bootstrap/node.js:283:19)\n    at bootstrapNodeJSCore (internal/bootstrap/node.js:623:3)","code":"EADDRINUSE","errno":"EADDRINUSE","syscall":"listen","address":"::","port":4000},"level":"error","message":"uncaughtException: listen EADDRINUSE: address already in use :::4000\nError: listen EADDRINUSE: address already in use :::4000\n    at Server.setupListenHandle [as _listen2] (net.js:1280:14)\n    at listenInCluster (net.js:1328:12)\n    at Server.listen (net.js:1415:7)\n    at Object.<anonymous> (/mnt/d/wsl/hyperledger_projects/conun-blockchain-middleware/app.js:70:37)\n    at Module._compile (internal/modules/cjs/loader.js:778:30)\n    at Object.Module._extensions..js (internal/modules/cjs/loader.js:789:10)\n    at Module.load (internal/modules/cjs/loader.js:653:32)\n    at tryModuleLoad (internal/modules/cjs/loader.js:593:12)\n    at Function.Module._load (internal/modules/cjs/loader.js:585:3)\n    at Function.Module.runMain (internal/modules/cjs/loader.js:831:12)\n    at startup (internal/bootstrap/node.js:283:19)\n    at bootstrapNodeJSCore (internal/bootstrap/node.js:623:3)","stack":"Error: listen EADDRINUSE: address already in use :::4000\n    at Server.setupListenHandle [as _listen2] (net.js:1280:14)\n    at listenInCluster (net.js:1328:12)\n    at Server.listen (net.js:1415:7)\n    at Object.<anonymous> (/mnt/d/wsl/hyperledger_projects/conun-blockchain-middleware/app.js:70:37)\n    at Module._compile (internal/modules/cjs/loader.js:778:30)\n    at Object.Module._extensions..js (internal/modules/cjs/loader.js:789:10)\n    at Module.load (internal/modules/cjs/loader.js:653:32)\n    at tryModuleLoad (internal/modules/cjs/loader.js:593:12)\n    at Function.Module._load (internal/modules/cjs/loader.js:585:3)\n    at Function.Module.runMain (internal/modules/cjs/loader.js:831:12)\n    at startup (internal/bootstrap/node.js:283:19)\n    at bootstrapNodeJSCore (internal/bootstrap/node.js:623:3)","exception":true,"date":"Mon Nov 30 2020 12:39:55 GMT+0900 (Korean Standard Time)","process":{"pid":3100,"uid":1000,"gid":1000,"cwd":"/mnt/d/wsl/hyperledger_projects/conun-blockchain-middleware","execPath":"/usr/bin/node","version":"v10.19.0","argv":["/usr/bin/node","/mnt/d/wsl/hyperledger_projects/conun-blockchain-middleware/app.js"],"memoryUsage":{"rss":124215296,"heapTotal":83951616,"heapUsed":53660904,"external":20877551}},"os":{"loadavg":[0.34814453125,0.17236328125,0.16357421875],"uptime":271247},"trace":[{"column":14,"file":"net.js","function":"Server.setupListenHandle [as _listen2]","line":1280,"method":"setupListenHandle [as _listen2]","native":false},{"column":12,"file":"net.js","function":"listenInCluster","line":1328,"method":null,"native":false},{"column":7,"file":"net.js","function":"Server.listen","line":1415,"method":"listen","native":false},{"column":37,"file":"/mnt/d/wsl/hyperledger_projects/conun-blockchain-middleware/app.js","function":null,"line":70,"method":null,"native":false},{"column":30,"file":"internal/modules/cjs/loader.js","function":"Module._compile","line":778,"method":"_compile","native":false},{"column":10,"file":"internal/modules/cjs/loader.js","function":"Module._extensions..js","line":789,"method":".js","native":false},{"column":32,"file":"internal/modules/cjs/loader.js","function":"Module.load","line":653,"method":"load","native":false},{"column":12,"file":"internal/modules/cjs/loader.js","function":"tryModuleLoad","line":593,"method":null,"native":false},{"column":3,"file":"internal/modules/cjs/loader.js","function":"Module._load","line":585,"method":"_load","native":false},{"column":12,"file":"internal/modules/cjs/loader.js","function":"Module.runMain","line":831,"method":"runMain","native":false},{"column":19,"file":"internal/bootstrap/node.js","function":"startup","line":283,"method":null,"native":false},{"column":3,"file":"internal/bootstrap/node.js","function":"bootstrapNodeJSCore","line":623,"method":null,"native":false}]}
{"level":"error","message":">> uncaughtException: "}
{"message":"Logger is working","level":"info"}
{"message":"Testing errors too!","level":"error"}
{"error":{"message":"listen EADDRINUSE: address already in use :::4000","stack":"Error: listen EADDRINUSE: address already in use :::4000\n    at Server.setupListenHandle [as _listen2] (net.js:1280:14)\n    at listenInCluster (net.js:1328:12)\n    at Server.listen (net.js:1415:7)\n    at Object.<anonymous> (/mnt/d/wsl/hyperledger_projects/conun-blockchain-middleware/app.js:70:37)\n    at Module._compile (internal/modules/cjs/loader.js:778:30)\n    at Object.Module._extensions..js (internal/modules/cjs/loader.js:789:10)\n    at Module.load (internal/modules/cjs/loader.js:653:32)\n    at tryModuleLoad (internal/modules/cjs/loader.js:593:12)\n    at Function.Module._load (internal/modules/cjs/loader.js:585:3)\n    at Function.Module.runMain (internal/modules/cjs/loader.js:831:12)\n    at startup (internal/bootstrap/node.js:283:19)\n    at bootstrapNodeJSCore (internal/bootstrap/node.js:623:3)","code":"EADDRINUSE","errno":"EADDRINUSE","syscall":"listen","address":"::","port":4000},"level":"error","message":"uncaughtException: listen EADDRINUSE: address already in use :::4000\nError: listen EADDRINUSE: address already in use :::4000\n    at Server.setupListenHandle [as _listen2] (net.js:1280:14)\n    at listenInCluster (net.js:1328:12)\n    at Server.listen (net.js:1415:7)\n    at Object.<anonymous> (/mnt/d/wsl/hyperledger_projects/conun-blockchain-middleware/app.js:70:37)\n    at Module._compile (internal/modules/cjs/loader.js:778:30)\n    at Object.Module._extensions..js (internal/modules/cjs/loader.js:789:10)\n    at Module.load (internal/modules/cjs/loader.js:653:32)\n    at tryModuleLoad (internal/modules/cjs/loader.js:593:12)\n    at Function.Module._load (internal/modules/cjs/loader.js:585:3)\n    at Function.Module.runMain (internal/modules/cjs/loader.js:831:12)\n    at startup (internal/bootstrap/node.js:283:19)\n    at bootstrapNodeJSCore (internal/bootstrap/node.js:623:3)","stack":"Error: listen EADDRINUSE: address already in use :::4000\n    at Server.setupListenHandle [as _listen2] (net.js:1280:14)\n    at listenInCluster (net.js:1328:12)\n    at Server.listen (net.js:1415:7)\n    at Object.<anonymous> (/mnt/d/wsl/hyperledger_projects/conun-blockchain-middleware/app.js:70:37)\n    at Module._compile (internal/modules/cjs/loader.js:778:30)\n    at Object.Module._extensions..js (internal/modules/cjs/loader.js:789:10)\n    at Module.load (internal/modules/cjs/loader.js:653:32)\n    at tryModuleLoad (internal/modules/cjs/loader.js:593:12)\n    at Function.Module._load (internal/modules/cjs/loader.js:585:3)\n    at Function.Module.runMain (internal/modules/cjs/loader.js:831:12)\n    at startup (internal/bootstrap/node.js:283:19)\n    at bootstrapNodeJSCore (internal/bootstrap/node.js:623:3)","exception":true,"date":"Mon Nov 30 2020 12:50:37 GMT+0900 (Korean Standard Time)","process":{"pid":3112,"uid":1000,"gid":1000,"cwd":"/mnt/d/wsl/hyperledger_projects/conun-blockchain-middleware","execPath":"/usr/bin/node","version":"v10.19.0","argv":["/usr/bin/node","/mnt/d/wsl/hyperledger_projects/conun-blockchain-middleware/app.js"],"memoryUsage":{"rss":126328832,"heapTotal":85000192,"heapUsed":52279288,"external":20633333}},"os":{"loadavg":[0.37939453125,0.140625,0.119140625],"uptime":271889},"trace":[{"column":14,"file":"net.js","function":"Server.setupListenHandle [as _listen2]","line":1280,"method":"setupListenHandle [as _listen2]","native":false},{"column":12,"file":"net.js","function":"listenInCluster","line":1328,"method":null,"native":false},{"column":7,"file":"net.js","function":"Server.listen","line":1415,"method":"listen","native":false},{"column":37,"file":"/mnt/d/wsl/hyperledger_projects/conun-blockchain-middleware/app.js","function":null,"line":70,"method":null,"native":false},{"column":30,"file":"internal/modules/cjs/loader.js","function":"Module._compile","line":778,"method":"_compile","native":false},{"column":10,"file":"internal/modules/cjs/loader.js","function":"Module._extensions..js","line":789,"method":".js","native":false},{"column":32,"file":"internal/modules/cjs/loader.js","function":"Module.load","line":653,"method":"load","native":false},{"column":12,"file":"internal/modules/cjs/loader.js","function":"tryModuleLoad","line":593,"method":null,"native":false},{"column":3,"file":"internal/modules/cjs/loader.js","function":"Module._load","line":585,"method":"_load","native":false},{"column":12,"file":"internal/modules/cjs/loader.js","function":"Module.runMain","line":831,"method":"runMain","native":false},{"column":19,"file":"internal/bootstrap/node.js","function":"startup","line":283,"method":null,"native":false},{"column":3,"file":"internal/bootstrap/node.js","function":"bootstrapNodeJSCore","line":623,"method":null,"native":false}]}
{"level":"error","message":">> uncaughtException: "}
{"message":"Logger is working","level":"info"}
{"message":"Testing errors too!","level":"error"}
{"error":{"message":"listen EADDRINUSE: address already in use :::4000","stack":"Error: listen EADDRINUSE: address already in use :::4000\n    at Server.setupListenHandle [as _listen2] (net.js:1280:14)\n    at listenInCluster (net.js:1328:12)\n    at Server.listen (net.js:1415:7)\n    at Object.<anonymous> (/mnt/d/wsl/hyperledger_projects/conun-blockchain-middleware/app.js:70:37)\n    at Module._compile (internal/modules/cjs/loader.js:778:30)\n    at Object.Module._extensions..js (internal/modules/cjs/loader.js:789:10)\n    at Module.load (internal/modules/cjs/loader.js:653:32)\n    at tryModuleLoad (internal/modules/cjs/loader.js:593:12)\n    at Function.Module._load (internal/modules/cjs/loader.js:585:3)\n    at Function.Module.runMain (internal/modules/cjs/loader.js:831:12)\n    at startup (internal/bootstrap/node.js:283:19)\n    at bootstrapNodeJSCore (internal/bootstrap/node.js:623:3)","code":"EADDRINUSE","errno":"EADDRINUSE","syscall":"listen","address":"::","port":4000},"level":"error","message":"uncaughtException: listen EADDRINUSE: address already in use :::4000\nError: listen EADDRINUSE: address already in use :::4000\n    at Server.setupListenHandle [as _listen2] (net.js:1280:14)\n    at listenInCluster (net.js:1328:12)\n    at Server.listen (net.js:1415:7)\n    at Object.<anonymous> (/mnt/d/wsl/hyperledger_projects/conun-blockchain-middleware/app.js:70:37)\n    at Module._compile (internal/modules/cjs/loader.js:778:30)\n    at Object.Module._extensions..js (internal/modules/cjs/loader.js:789:10)\n    at Module.load (internal/modules/cjs/loader.js:653:32)\n    at tryModuleLoad (internal/modules/cjs/loader.js:593:12)\n    at Function.Module._load (internal/modules/cjs/loader.js:585:3)\n    at Function.Module.runMain (internal/modules/cjs/loader.js:831:12)\n    at startup (internal/bootstrap/node.js:283:19)\n    at bootstrapNodeJSCore (internal/bootstrap/node.js:623:3)","stack":"Error: listen EADDRINUSE: address already in use :::4000\n    at Server.setupListenHandle [as _listen2] (net.js:1280:14)\n    at listenInCluster (net.js:1328:12)\n    at Server.listen (net.js:1415:7)\n    at Object.<anonymous> (/mnt/d/wsl/hyperledger_projects/conun-blockchain-middleware/app.js:70:37)\n    at Module._compile (internal/modules/cjs/loader.js:778:30)\n    at Object.Module._extensions..js (internal/modules/cjs/loader.js:789:10)\n    at Module.load (internal/modules/cjs/loader.js:653:32)\n    at tryModuleLoad (internal/modules/cjs/loader.js:593:12)\n    at Function.Module._load (internal/modules/cjs/loader.js:585:3)\n    at Function.Module.runMain (internal/modules/cjs/loader.js:831:12)\n    at startup (internal/bootstrap/node.js:283:19)\n    at bootstrapNodeJSCore (internal/bootstrap/node.js:623:3)","exception":true,"date":"Mon Nov 30 2020 13:01:24 GMT+0900 (Korean Standard Time)","process":{"pid":3124,"uid":1000,"gid":1000,"cwd":"/mnt/d/wsl/hyperledger_projects/conun-blockchain-middleware","execPath":"/usr/bin/node","version":"v10.19.0","argv":["/usr/bin/node","/mnt/d/wsl/hyperledger_projects/conun-blockchain-middleware/app.js"],"memoryUsage":{"rss":123617280,"heapTotal":84475904,"heapUsed":52313448,"external":20633333}},"os":{"loadavg":[0.31298828125,0.10791015625,0.09228515625],"uptime":272536},"trace":[{"column":14,"file":"net.js","function":"Server.setupListenHandle [as _listen2]","line":1280,"method":"setupListenHandle [as _listen2]","native":false},{"column":12,"file":"net.js","function":"listenInCluster","line":1328,"method":null,"native":false},{"column":7,"file":"net.js","function":"Server.listen","line":1415,"method":"listen","native":false},{"column":37,"file":"/mnt/d/wsl/hyperledger_projects/conun-blockchain-middleware/app.js","function":null,"line":70,"method":null,"native":false},{"column":30,"file":"internal/modules/cjs/loader.js","function":"Module._compile","line":778,"method":"_compile","native":false},{"column":10,"file":"internal/modules/cjs/loader.js","function":"Module._extensions..js","line":789,"method":".js","native":false},{"column":32,"file":"internal/modules/cjs/loader.js","function":"Module.load","line":653,"method":"load","native":false},{"column":12,"file":"internal/modules/cjs/loader.js","function":"tryModuleLoad","line":593,"method":null,"native":false},{"column":3,"file":"internal/modules/cjs/loader.js","function":"Module._load","line":585,"method":"_load","native":false},{"column":12,"file":"internal/modules/cjs/loader.js","function":"Module.runMain","line":831,"method":"runMain","native":false},{"column":19,"file":"internal/bootstrap/node.js","function":"startup","line":283,"method":null,"native":false},{"column":3,"file":"internal/bootstrap/node.js","function":"bootstrapNodeJSCore","line":623,"method":null,"native":false}]}
{"level":"error","message":">> uncaughtException: "}
{"message":"Logger is working","level":"info"}
{"message":"Testing errors too!","level":"error"}
{"error":{"message":"listen EADDRINUSE: address already in use :::4000","stack":"Error: listen EADDRINUSE: address already in use :::4000\n    at Server.setupListenHandle [as _listen2] (net.js:1280:14)\n    at listenInCluster (net.js:1328:12)\n    at Server.listen (net.js:1415:7)\n    at Object.<anonymous> (/mnt/d/wsl/hyperledger_projects/conun-blockchain-middleware/app.js:70:37)\n    at Module._compile (internal/modules/cjs/loader.js:778:30)\n    at Object.Module._extensions..js (internal/modules/cjs/loader.js:789:10)\n    at Module.load (internal/modules/cjs/loader.js:653:32)\n    at tryModuleLoad (internal/modules/cjs/loader.js:593:12)\n    at Function.Module._load (internal/modules/cjs/loader.js:585:3)\n    at Function.Module.runMain (internal/modules/cjs/loader.js:831:12)\n    at startup (internal/bootstrap/node.js:283:19)\n    at bootstrapNodeJSCore (internal/bootstrap/node.js:623:3)","code":"EADDRINUSE","errno":"EADDRINUSE","syscall":"listen","address":"::","port":4000},"level":"error","message":"uncaughtException: listen EADDRINUSE: address already in use :::4000\nError: listen EADDRINUSE: address already in use :::4000\n    at Server.setupListenHandle [as _listen2] (net.js:1280:14)\n    at listenInCluster (net.js:1328:12)\n    at Server.listen (net.js:1415:7)\n    at Object.<anonymous> (/mnt/d/wsl/hyperledger_projects/conun-blockchain-middleware/app.js:70:37)\n    at Module._compile (internal/modules/cjs/loader.js:778:30)\n    at Object.Module._extensions..js (internal/modules/cjs/loader.js:789:10)\n    at Module.load (internal/modules/cjs/loader.js:653:32)\n    at tryModuleLoad (internal/modules/cjs/loader.js:593:12)\n    at Function.Module._load (internal/modules/cjs/loader.js:585:3)\n    at Function.Module.runMain (internal/modules/cjs/loader.js:831:12)\n    at startup (internal/bootstrap/node.js:283:19)\n    at bootstrapNodeJSCore (internal/bootstrap/node.js:623:3)","stack":"Error: listen EADDRINUSE: address already in use :::4000\n    at Server.setupListenHandle [as _listen2] (net.js:1280:14)\n    at listenInCluster (net.js:1328:12)\n    at Server.listen (net.js:1415:7)\n    at Object.<anonymous> (/mnt/d/wsl/hyperledger_projects/conun-blockchain-middleware/app.js:70:37)\n    at Module._compile (internal/modules/cjs/loader.js:778:30)\n    at Object.Module._extensions..js (internal/modules/cjs/loader.js:789:10)\n    at Module.load (internal/modules/cjs/loader.js:653:32)\n    at tryModuleLoad (internal/modules/cjs/loader.js:593:12)\n    at Function.Module._load (internal/modules/cjs/loader.js:585:3)\n    at Function.Module.runMain (internal/modules/cjs/loader.js:831:12)\n    at startup (internal/bootstrap/node.js:283:19)\n    at bootstrapNodeJSCore (internal/bootstrap/node.js:623:3)","exception":true,"date":"Mon Nov 30 2020 13:02:42 GMT+0900 (Korean Standard Time)","process":{"pid":3136,"uid":1000,"gid":1000,"cwd":"/mnt/d/wsl/hyperledger_projects/conun-blockchain-middleware","execPath":"/usr/bin/node","version":"v10.19.0","argv":["/usr/bin/node","/mnt/d/wsl/hyperledger_projects/conun-blockchain-middleware/app.js"],"memoryUsage":{"rss":124329984,"heapTotal":85000192,"heapUsed":51975152,"external":20646028}},"os":{"loadavg":[0.48486328125,0.18994140625,0.11865234375],"uptime":272614},"trace":[{"column":14,"file":"net.js","function":"Server.setupListenHandle [as _listen2]","line":1280,"method":"setupListenHandle [as _listen2]","native":false},{"column":12,"file":"net.js","function":"listenInCluster","line":1328,"method":null,"native":false},{"column":7,"file":"net.js","function":"Server.listen","line":1415,"method":"listen","native":false},{"column":37,"file":"/mnt/d/wsl/hyperledger_projects/conun-blockchain-middleware/app.js","function":null,"line":70,"method":null,"native":false},{"column":30,"file":"internal/modules/cjs/loader.js","function":"Module._compile","line":778,"method":"_compile","native":false},{"column":10,"file":"internal/modules/cjs/loader.js","function":"Module._extensions..js","line":789,"method":".js","native":false},{"column":32,"file":"internal/modules/cjs/loader.js","function":"Module.load","line":653,"method":"load","native":false},{"column":12,"file":"internal/modules/cjs/loader.js","function":"tryModuleLoad","line":593,"method":null,"native":false},{"column":3,"file":"internal/modules/cjs/loader.js","function":"Module._load","line":585,"method":"_load","native":false},{"column":12,"file":"internal/modules/cjs/loader.js","function":"Module.runMain","line":831,"method":"runMain","native":false},{"column":19,"file":"internal/bootstrap/node.js","function":"startup","line":283,"method":null,"native":false},{"column":3,"file":"internal/bootstrap/node.js","function":"bootstrapNodeJSCore","line":623,"method":null,"native":false}]}
{"level":"error","message":">> uncaughtException: "}
{"message":"Logger is working","level":"info"}
{"message":"Testing errors too!","level":"error"}
{"error":{"message":"listen EADDRINUSE: address already in use :::4000","stack":"Error: listen EADDRINUSE: address already in use :::4000\n    at Server.setupListenHandle [as _listen2] (net.js:1280:14)\n    at listenInCluster (net.js:1328:12)\n    at Server.listen (net.js:1415:7)\n    at Object.<anonymous> (/mnt/d/wsl/hyperledger_projects/conun-blockchain-middleware/app.js:70:37)\n    at Module._compile (internal/modules/cjs/loader.js:778:30)\n    at Object.Module._extensions..js (internal/modules/cjs/loader.js:789:10)\n    at Module.load (internal/modules/cjs/loader.js:653:32)\n    at tryModuleLoad (internal/modules/cjs/loader.js:593:12)\n    at Function.Module._load (internal/modules/cjs/loader.js:585:3)\n    at Function.Module.runMain (internal/modules/cjs/loader.js:831:12)\n    at startup (internal/bootstrap/node.js:283:19)\n    at bootstrapNodeJSCore (internal/bootstrap/node.js:623:3)","code":"EADDRINUSE","errno":"EADDRINUSE","syscall":"listen","address":"::","port":4000},"level":"error","message":"uncaughtException: listen EADDRINUSE: address already in use :::4000\nError: listen EADDRINUSE: address already in use :::4000\n    at Server.setupListenHandle [as _listen2] (net.js:1280:14)\n    at listenInCluster (net.js:1328:12)\n    at Server.listen (net.js:1415:7)\n    at Object.<anonymous> (/mnt/d/wsl/hyperledger_projects/conun-blockchain-middleware/app.js:70:37)\n    at Module._compile (internal/modules/cjs/loader.js:778:30)\n    at Object.Module._extensions..js (internal/modules/cjs/loader.js:789:10)\n    at Module.load (internal/modules/cjs/loader.js:653:32)\n    at tryModuleLoad (internal/modules/cjs/loader.js:593:12)\n    at Function.Module._load (internal/modules/cjs/loader.js:585:3)\n    at Function.Module.runMain (internal/modules/cjs/loader.js:831:12)\n    at startup (internal/bootstrap/node.js:283:19)\n    at bootstrapNodeJSCore (internal/bootstrap/node.js:623:3)","stack":"Error: listen EADDRINUSE: address already in use :::4000\n    at Server.setupListenHandle [as _listen2] (net.js:1280:14)\n    at listenInCluster (net.js:1328:12)\n    at Server.listen (net.js:1415:7)\n    at Object.<anonymous> (/mnt/d/wsl/hyperledger_projects/conun-blockchain-middleware/app.js:70:37)\n    at Module._compile (internal/modules/cjs/loader.js:778:30)\n    at Object.Module._extensions..js (internal/modules/cjs/loader.js:789:10)\n    at Module.load (internal/modules/cjs/loader.js:653:32)\n    at tryModuleLoad (internal/modules/cjs/loader.js:593:12)\n    at Function.Module._load (internal/modules/cjs/loader.js:585:3)\n    at Function.Module.runMain (internal/modules/cjs/loader.js:831:12)\n    at startup (internal/bootstrap/node.js:283:19)\n    at bootstrapNodeJSCore (internal/bootstrap/node.js:623:3)","exception":true,"date":"Mon Nov 30 2020 13:03:25 GMT+0900 (Korean Standard Time)","process":{"pid":3148,"uid":1000,"gid":1000,"cwd":"/mnt/d/wsl/hyperledger_projects/conun-blockchain-middleware","execPath":"/usr/bin/node","version":"v10.19.0","argv":["/usr/bin/node","/mnt/d/wsl/hyperledger_projects/conun-blockchain-middleware/app.js"],"memoryUsage":{"rss":124293120,"heapTotal":83951616,"heapUsed":52194944,"external":20646028}},"os":{"loadavg":[0.53271484375,0.23095703125,0.13427734375],"uptime":272657},"trace":[{"column":14,"file":"net.js","function":"Server.setupListenHandle [as _listen2]","line":1280,"method":"setupListenHandle [as _listen2]","native":false},{"column":12,"file":"net.js","function":"listenInCluster","line":1328,"method":null,"native":false},{"column":7,"file":"net.js","function":"Server.listen","line":1415,"method":"listen","native":false},{"column":37,"file":"/mnt/d/wsl/hyperledger_projects/conun-blockchain-middleware/app.js","function":null,"line":70,"method":null,"native":false},{"column":30,"file":"internal/modules/cjs/loader.js","function":"Module._compile","line":778,"method":"_compile","native":false},{"column":10,"file":"internal/modules/cjs/loader.js","function":"Module._extensions..js","line":789,"method":".js","native":false},{"column":32,"file":"internal/modules/cjs/loader.js","function":"Module.load","line":653,"method":"load","native":false},{"column":12,"file":"internal/modules/cjs/loader.js","function":"tryModuleLoad","line":593,"method":null,"native":false},{"column":3,"file":"internal/modules/cjs/loader.js","function":"Module._load","line":585,"method":"_load","native":false},{"column":12,"file":"internal/modules/cjs/loader.js","function":"Module.runMain","line":831,"method":"runMain","native":false},{"column":19,"file":"internal/bootstrap/node.js","function":"startup","line":283,"method":null,"native":false},{"column":3,"file":"internal/bootstrap/node.js","function":"bootstrapNodeJSCore","line":623,"method":null,"native":false}]}
{"level":"error","message":">> uncaughtException: "}
{"message":"Logger is working","level":"info"}
{"message":"Testing errors too!","level":"error"}
{"message":"Logger is working","level":"info"}
{"message":"Testing errors too!","level":"error"}
{"message":"Logger is working","level":"info"}
{"message":"Testing errors too!","level":"error"}
{"message":"Logger is working","level":"info"}
{"message":"Testing errors too!","level":"error"}
{"message":"Logger is working","level":"info"}
{"message":"Testing errors too!","level":"error"}
{"message":"Logger is working","level":"info"}
{"message":"Testing errors too!","level":"error"}
{"message":"Logger is working","level":"info"}
{"message":"Testing errors too!","level":"error"}
{"message":"Logger is working","level":"info"}
{"message":"Testing errors too!","level":"error"}
{"message":"Logger is working","level":"info"}
{"message":"Testing errors too!","level":"error"}
{"message":"Logger is working","level":"info"}
{"message":"Testing errors too!","level":"error"}
{"message":"Logger is working","level":"info"}
{"message":"Testing errors too!","level":"error"}
{"message":"Logger is working","level":"info"}
{"message":"Testing errors too!","level":"error"}
{"message":"Logger is working","level":"info"}
{"message":"Testing errors too!","level":"error"}
{"message":"Logger is working","level":"info"}
{"message":"Testing errors too!","level":"error"}
{"message":"Logger is working","level":"info"}
{"message":"Testing errors too!","level":"error"}
{"message":"Logger is working","level":"info"}
{"message":"Testing errors too!","level":"error"}
{"message":"Logger is working","level":"info"}
{"message":"Testing errors too!","level":"error"}
{"message":"Logger is working","level":"info"}
{"message":"Testing errors too!","level":"error"}
{"message":"Logger is working","level":"info"}
{"message":"Testing errors too!","level":"error"}
{"message":"Logger is working","level":"info"}
{"message":"Testing errors too!","level":"error"}
{"message":"Logger is working","level":"info"}
{"message":"Testing errors too!","level":"error"}
{"message":"Logger is working","level":"info"}
{"message":"Testing errors too!","level":"error"}
{"message":"Logger is working","level":"info"}
{"message":"Testing errors too!","level":"error"}
{"message":"Logger is working","level":"info"}
{"message":"Testing errors too!","level":"error"}
{"message":"Logger is working","level":"info"}
{"message":"Testing errors too!","level":"error"}
{"message":"Logger is working","level":"info"}
{"message":"Testing errors too!","level":"error"}
{"message":"Logger is working","level":"info"}
{"message":"Testing errors too!","level":"error"}
{"message":"Logger is working","level":"info"}
{"message":"Testing errors too!","level":"error"}
{"message":"Logger is working","level":"info"}
{"message":"Testing errors too!","level":"error"}
{"message":"Logger is working","level":"info"}
{"message":"Testing errors too!","level":"error"}
{"message":"Logger is working","level":"info"}
{"message":"Testing errors too!","level":"error"}
{"message":"Logger is working","level":"info"}
{"message":"Testing errors too!","level":"error"}
{"message":"Logger is working","level":"info"}
{"message":"Testing errors too!","level":"error"}
{"message":"Logger is working","level":"info"}
{"message":"Testing errors too!","level":"error"}
{"message":"Logger is working","level":"info"}
{"message":"Testing errors too!","level":"error"}
{"message":"Logger is working","level":"info"}
{"message":"Testing errors too!","level":"error"}
{"message":"Logger is working","level":"info"}
{"message":"Testing errors too!","level":"error"}
{"message":"Logger is working","level":"info"}
{"message":"Testing errors too!","level":"error"}
{"message":"Logger is working","level":"info"}
{"message":"Testing errors too!","level":"error"}
{"message":"Logger is working","level":"info"}
{"message":"Testing errors too!","level":"error"}
{"message":"Logger is working","level":"info"}
{"message":"Testing errors too!","level":"error"}
{"message":"Logger is working","level":"info"}
{"message":"Testing errors too!","level":"error"}
{"message":"Logger is working","level":"info"}
{"message":"Testing errors too!","level":"error"}
{"message":"Logger is working","level":"info"}
{"message":"Testing errors too!","level":"error"}
{"error":{"code":"MODULE_NOT_FOUND"},"level":"error","message":"uncaughtException: Cannot find module '../routes/auth'\nError: Cannot find module '../routes/auth'\n    at Function.Module._resolveFilename (internal/modules/cjs/loader.js:636:15)\n    at Function.Module._load (internal/modules/cjs/loader.js:562:25)\n    at Module.require (internal/modules/cjs/loader.js:692:17)\n    at require (internal/modules/cjs/helpers.js:25:18)\n    at Object.<anonymous> (/mnt/d/wsl/hyperledger_projects/conun-blockchain-middleware/startup/routes.v1.js:3:19)\n    at Module._compile (internal/modules/cjs/loader.js:778:30)\n    at Object.Module._extensions..js (internal/modules/cjs/loader.js:789:10)\n    at Module.load (internal/modules/cjs/loader.js:653:32)\n    at tryModuleLoad (internal/modules/cjs/loader.js:593:12)\n    at Function.Module._load (internal/modules/cjs/loader.js:585:3)\n    at Module.require (internal/modules/cjs/loader.js:692:17)\n    at require (internal/modules/cjs/helpers.js:25:18)\n    at Object.<anonymous> (/mnt/d/wsl/hyperledger_projects/conun-blockchain-middleware/app.js:19:1)\n    at Module._compile (internal/modules/cjs/loader.js:778:30)\n    at Object.Module._extensions..js (internal/modules/cjs/loader.js:789:10)\n    at Module.load (internal/modules/cjs/loader.js:653:32)","stack":"Error: Cannot find module '../routes/auth'\n    at Function.Module._resolveFilename (internal/modules/cjs/loader.js:636:15)\n    at Function.Module._load (internal/modules/cjs/loader.js:562:25)\n    at Module.require (internal/modules/cjs/loader.js:692:17)\n    at require (internal/modules/cjs/helpers.js:25:18)\n    at Object.<anonymous> (/mnt/d/wsl/hyperledger_projects/conun-blockchain-middleware/startup/routes.v1.js:3:19)\n    at Module._compile (internal/modules/cjs/loader.js:778:30)\n    at Object.Module._extensions..js (internal/modules/cjs/loader.js:789:10)\n    at Module.load (internal/modules/cjs/loader.js:653:32)\n    at tryModuleLoad (internal/modules/cjs/loader.js:593:12)\n    at Function.Module._load (internal/modules/cjs/loader.js:585:3)\n    at Module.require (internal/modules/cjs/loader.js:692:17)\n    at require (internal/modules/cjs/helpers.js:25:18)\n    at Object.<anonymous> (/mnt/d/wsl/hyperledger_projects/conun-blockchain-middleware/app.js:19:1)\n    at Module._compile (internal/modules/cjs/loader.js:778:30)\n    at Object.Module._extensions..js (internal/modules/cjs/loader.js:789:10)\n    at Module.load (internal/modules/cjs/loader.js:653:32)","exception":true,"date":"Mon Nov 30 2020 19:42:58 GMT+0900 (Korean Standard Time)","process":{"pid":2760,"uid":1000,"gid":1000,"cwd":"/mnt/d/wsl/hyperledger_projects/conun-blockchain-middleware","execPath":"/usr/bin/node","version":"v10.19.0","argv":["/usr/bin/node","/mnt/d/wsl/hyperledger_projects/conun-blockchain-middleware/app.js"],"memoryUsage":{"rss":104239104,"heapTotal":62976000,"heapUsed":42545576,"external":20791467}},"os":{"loadavg":[0.2841796875,0.08056640625,0.08935546875],"uptime":23623},"trace":[{"column":15,"file":"internal/modules/cjs/loader.js","function":"Module._resolveFilename","line":636,"method":"_resolveFilename","native":false},{"column":25,"file":"internal/modules/cjs/loader.js","function":"Module._load","line":562,"method":"_load","native":false},{"column":17,"file":"internal/modules/cjs/loader.js","function":"Module.require","line":692,"method":"require","native":false},{"column":18,"file":"internal/modules/cjs/helpers.js","function":"require","line":25,"method":null,"native":false},{"column":19,"file":"/mnt/d/wsl/hyperledger_projects/conun-blockchain-middleware/startup/routes.v1.js","function":null,"line":3,"method":null,"native":false},{"column":30,"file":"internal/modules/cjs/loader.js","function":"Module._compile","line":778,"method":"_compile","native":false},{"column":10,"file":"internal/modules/cjs/loader.js","function":"Module._extensions..js","line":789,"method":".js","native":false},{"column":32,"file":"internal/modules/cjs/loader.js","function":"Module.load","line":653,"method":"load","native":false},{"column":12,"file":"internal/modules/cjs/loader.js","function":"tryModuleLoad","line":593,"method":null,"native":false},{"column":3,"file":"internal/modules/cjs/loader.js","function":"Module._load","line":585,"method":"_load","native":false},{"column":17,"file":"internal/modules/cjs/loader.js","function":"Module.require","line":692,"method":"require","native":false},{"column":18,"file":"internal/modules/cjs/helpers.js","function":"require","line":25,"method":null,"native":false},{"column":1,"file":"/mnt/d/wsl/hyperledger_projects/conun-blockchain-middleware/app.js","function":null,"line":19,"method":null,"native":false},{"column":30,"file":"internal/modules/cjs/loader.js","function":"Module._compile","line":778,"method":"_compile","native":false},{"column":10,"file":"internal/modules/cjs/loader.js","function":"Module._extensions..js","line":789,"method":".js","native":false},{"column":32,"file":"internal/modules/cjs/loader.js","function":"Module.load","line":653,"method":"load","native":false}]}
{"level":"error","message":">> uncaughtException: "}
{"message":"Logger is working","level":"info"}
{"message":"Testing errors too!","level":"error"}
{"message":"Logger is working","level":"info"}
{"message":"Testing errors too!","level":"error"}
{"message":"Logger is working","level":"info"}
{"message":"Testing errors too!","level":"error"}
{"message":"Logger is working","level":"info"}
{"message":"Testing errors too!","level":"error"}
{"message":"Logger is working","level":"info"}
{"message":"Testing errors too!","level":"error"}
{"message":"Logger is working","level":"info"}
{"message":"Testing errors too!","level":"error"}
{"message":"Logger is working","level":"info"}
{"message":"Testing errors too!","level":"error"}
{"message":"Logger is working","level":"info"}
{"message":"Testing errors too!","level":"error"}
{"message":"Logger is working","level":"info"}
{"message":"Testing errors too!","level":"error"}
{"message":"Logger is working","level":"info"}
{"message":"Testing errors too!","level":"error"}
{"message":"Logger is working","level":"info"}
{"message":"Testing errors too!","level":"error"}
{"message":"Logger is working","level":"info"}
{"message":"Testing errors too!","level":"error"}
{"message":"Logger is working","level":"info"}
{"message":"Testing errors too!","level":"error"}
{"message":"Logger is working","level":"info"}
{"message":"Testing errors too!","level":"error"}
{"message":"Logger is working","level":"info"}
{"message":"Testing errors too!","level":"error"}
{"message":"Logger is working","level":"info"}
{"message":"Testing errors too!","level":"error"}
{"message":"Logger is working","level":"info"}
{"message":"Testing errors too!","level":"error"}
{"message":"Logger is working","level":"info"}
{"message":"Testing errors too!","level":"error"}
{"error":{"message":"Cannot find module './app/invoke'","stack":"Error: Cannot find module './app/invoke'\n    at Function.Module._resolveFilename (internal/modules/cjs/loader.js:636:15)\n    at Function.Module._load (internal/modules/cjs/loader.js:562:25)\n    at Module.require (internal/modules/cjs/loader.js:692:17)\n    at require (internal/modules/cjs/helpers.js:25:18)\n    at Object.<anonymous> (/mnt/d/wsl/hyperledger_projects/conun-blockchain-middleware/routes/chaincode/invoke.js:4:16)\n    at Module._compile (internal/modules/cjs/loader.js:778:30)\n    at Object.Module._extensions..js (internal/modules/cjs/loader.js:789:10)\n    at Module.load (internal/modules/cjs/loader.js:653:32)\n    at tryModuleLoad (internal/modules/cjs/loader.js:593:12)\n    at Function.Module._load (internal/modules/cjs/loader.js:585:3)\n    at Module.require (internal/modules/cjs/loader.js:692:17)\n    at require (internal/modules/cjs/helpers.js:25:18)\n    at Object.<anonymous> (/mnt/d/wsl/hyperledger_projects/conun-blockchain-middleware/startup/routes.v1.js:5:25)\n    at Module._compile (internal/modules/cjs/loader.js:778:30)\n    at Object.Module._extensions..js (internal/modules/cjs/loader.js:789:10)\n    at Module.load (internal/modules/cjs/loader.js:653:32)","code":"MODULE_NOT_FOUND"},"level":"error","message":"uncaughtException: Cannot find module './app/invoke'\nError: Cannot find module './app/invoke'\n    at Function.Module._resolveFilename (internal/modules/cjs/loader.js:636:15)\n    at Function.Module._load (internal/modules/cjs/loader.js:562:25)\n    at Module.require (internal/modules/cjs/loader.js:692:17)\n    at require (internal/modules/cjs/helpers.js:25:18)\n    at Object.<anonymous> (/mnt/d/wsl/hyperledger_projects/conun-blockchain-middleware/routes/chaincode/invoke.js:4:16)\n    at Module._compile (internal/modules/cjs/loader.js:778:30)\n    at Object.Module._extensions..js (internal/modules/cjs/loader.js:789:10)\n    at Module.load (internal/modules/cjs/loader.js:653:32)\n    at tryModuleLoad (internal/modules/cjs/loader.js:593:12)\n    at Function.Module._load (internal/modules/cjs/loader.js:585:3)\n    at Module.require (internal/modules/cjs/loader.js:692:17)\n    at require (internal/modules/cjs/helpers.js:25:18)\n    at Object.<anonymous> (/mnt/d/wsl/hyperledger_projects/conun-blockchain-middleware/startup/routes.v1.js:5:25)\n    at Module._compile (internal/modules/cjs/loader.js:778:30)\n    at Object.Module._extensions..js (internal/modules/cjs/loader.js:789:10)\n    at Module.load (internal/modules/cjs/loader.js:653:32)","stack":"Error: Cannot find module './app/invoke'\n    at Function.Module._resolveFilename (internal/modules/cjs/loader.js:636:15)\n    at Function.Module._load (internal/modules/cjs/loader.js:562:25)\n    at Module.require (internal/modules/cjs/loader.js:692:17)\n    at require (internal/modules/cjs/helpers.js:25:18)\n    at Object.<anonymous> (/mnt/d/wsl/hyperledger_projects/conun-blockchain-middleware/routes/chaincode/invoke.js:4:16)\n    at Module._compile (internal/modules/cjs/loader.js:778:30)\n    at Object.Module._extensions..js (internal/modules/cjs/loader.js:789:10)\n    at Module.load (internal/modules/cjs/loader.js:653:32)\n    at tryModuleLoad (internal/modules/cjs/loader.js:593:12)\n    at Function.Module._load (internal/modules/cjs/loader.js:585:3)\n    at Module.require (internal/modules/cjs/loader.js:692:17)\n    at require (internal/modules/cjs/helpers.js:25:18)\n    at Object.<anonymous> (/mnt/d/wsl/hyperledger_projects/conun-blockchain-middleware/startup/routes.v1.js:5:25)\n    at Module._compile (internal/modules/cjs/loader.js:778:30)\n    at Object.Module._extensions..js (internal/modules/cjs/loader.js:789:10)\n    at Module.load (internal/modules/cjs/loader.js:653:32)","exception":true,"date":"Tue Dec 01 2020 17:44:28 GMT+0900 (Korean Standard Time)","process":{"pid":3097,"uid":1000,"gid":1000,"cwd":"/mnt/d/wsl/hyperledger_projects/conun-blockchain-middleware","execPath":"/usr/bin/node","version":"v10.19.0","argv":["/usr/bin/node","/mnt/d/wsl/hyperledger_projects/conun-blockchain-middleware/app.js"],"memoryUsage":{"rss":123838464,"heapTotal":83427328,"heapUsed":52652096,"external":20814283}},"os":{"loadavg":[0.34521484375,0.083984375,0.02685546875],"uptime":102913},"trace":[{"column":15,"file":"internal/modules/cjs/loader.js","function":"Module._resolveFilename","line":636,"method":"_resolveFilename","native":false},{"column":25,"file":"internal/modules/cjs/loader.js","function":"Module._load","line":562,"method":"_load","native":false},{"column":17,"file":"internal/modules/cjs/loader.js","function":"Module.require","line":692,"method":"require","native":false},{"column":18,"file":"internal/modules/cjs/helpers.js","function":"require","line":25,"method":null,"native":false},{"column":16,"file":"/mnt/d/wsl/hyperledger_projects/conun-blockchain-middleware/routes/chaincode/invoke.js","function":null,"line":4,"method":null,"native":false},{"column":30,"file":"internal/modules/cjs/loader.js","function":"Module._compile","line":778,"method":"_compile","native":false},{"column":10,"file":"internal/modules/cjs/loader.js","function":"Module._extensions..js","line":789,"method":".js","native":false},{"column":32,"file":"internal/modules/cjs/loader.js","function":"Module.load","line":653,"method":"load","native":false},{"column":12,"file":"internal/modules/cjs/loader.js","function":"tryModuleLoad","line":593,"method":null,"native":false},{"column":3,"file":"internal/modules/cjs/loader.js","function":"Module._load","line":585,"method":"_load","native":false},{"column":17,"file":"internal/modules/cjs/loader.js","function":"Module.require","line":692,"method":"require","native":false},{"column":18,"file":"internal/modules/cjs/helpers.js","function":"require","line":25,"method":null,"native":false},{"column":25,"file":"/mnt/d/wsl/hyperledger_projects/conun-blockchain-middleware/startup/routes.v1.js","function":null,"line":5,"method":null,"native":false},{"column":30,"file":"internal/modules/cjs/loader.js","function":"Module._compile","line":778,"method":"_compile","native":false},{"column":10,"file":"internal/modules/cjs/loader.js","function":"Module._extensions..js","line":789,"method":".js","native":false},{"column":32,"file":"internal/modules/cjs/loader.js","function":"Module.load","line":653,"method":"load","native":false}]}
{"level":"error","message":">> uncaughtException: "}
{"message":"Logger is working","level":"info"}
{"message":"Testing errors too!","level":"error"}
{"error":{"message":"Cannot find module './app/invoke'","stack":"Error: Cannot find module './app/invoke'\n    at Function.Module._resolveFilename (internal/modules/cjs/loader.js:636:15)\n    at Function.Module._load (internal/modules/cjs/loader.js:562:25)\n    at Module.require (internal/modules/cjs/loader.js:692:17)\n    at require (internal/modules/cjs/helpers.js:25:18)\n    at Object.<anonymous> (/mnt/d/wsl/hyperledger_projects/conun-blockchain-middleware/routes/chaincode/invoke.js:4:16)\n    at Module._compile (internal/modules/cjs/loader.js:778:30)\n    at Object.Module._extensions..js (internal/modules/cjs/loader.js:789:10)\n    at Module.load (internal/modules/cjs/loader.js:653:32)\n    at tryModuleLoad (internal/modules/cjs/loader.js:593:12)\n    at Function.Module._load (internal/modules/cjs/loader.js:585:3)\n    at Module.require (internal/modules/cjs/loader.js:692:17)\n    at require (internal/modules/cjs/helpers.js:25:18)\n    at Object.<anonymous> (/mnt/d/wsl/hyperledger_projects/conun-blockchain-middleware/startup/routes.v1.js:5:25)\n    at Module._compile (internal/modules/cjs/loader.js:778:30)\n    at Object.Module._extensions..js (internal/modules/cjs/loader.js:789:10)\n    at Module.load (internal/modules/cjs/loader.js:653:32)","code":"MODULE_NOT_FOUND"},"level":"error","message":"uncaughtException: Cannot find module './app/invoke'\nError: Cannot find module './app/invoke'\n    at Function.Module._resolveFilename (internal/modules/cjs/loader.js:636:15)\n    at Function.Module._load (internal/modules/cjs/loader.js:562:25)\n    at Module.require (internal/modules/cjs/loader.js:692:17)\n    at require (internal/modules/cjs/helpers.js:25:18)\n    at Object.<anonymous> (/mnt/d/wsl/hyperledger_projects/conun-blockchain-middleware/routes/chaincode/invoke.js:4:16)\n    at Module._compile (internal/modules/cjs/loader.js:778:30)\n    at Object.Module._extensions..js (internal/modules/cjs/loader.js:789:10)\n    at Module.load (internal/modules/cjs/loader.js:653:32)\n    at tryModuleLoad (internal/modules/cjs/loader.js:593:12)\n    at Function.Module._load (internal/modules/cjs/loader.js:585:3)\n    at Module.require (internal/modules/cjs/loader.js:692:17)\n    at require (internal/modules/cjs/helpers.js:25:18)\n    at Object.<anonymous> (/mnt/d/wsl/hyperledger_projects/conun-blockchain-middleware/startup/routes.v1.js:5:25)\n    at Module._compile (internal/modules/cjs/loader.js:778:30)\n    at Object.Module._extensions..js (internal/modules/cjs/loader.js:789:10)\n    at Module.load (internal/modules/cjs/loader.js:653:32)","stack":"Error: Cannot find module './app/invoke'\n    at Function.Module._resolveFilename (internal/modules/cjs/loader.js:636:15)\n    at Function.Module._load (internal/modules/cjs/loader.js:562:25)\n    at Module.require (internal/modules/cjs/loader.js:692:17)\n    at require (internal/modules/cjs/helpers.js:25:18)\n    at Object.<anonymous> (/mnt/d/wsl/hyperledger_projects/conun-blockchain-middleware/routes/chaincode/invoke.js:4:16)\n    at Module._compile (internal/modules/cjs/loader.js:778:30)\n    at Object.Module._extensions..js (internal/modules/cjs/loader.js:789:10)\n    at Module.load (internal/modules/cjs/loader.js:653:32)\n    at tryModuleLoad (internal/modules/cjs/loader.js:593:12)\n    at Function.Module._load (internal/modules/cjs/loader.js:585:3)\n    at Module.require (internal/modules/cjs/loader.js:692:17)\n    at require (internal/modules/cjs/helpers.js:25:18)\n    at Object.<anonymous> (/mnt/d/wsl/hyperledger_projects/conun-blockchain-middleware/startup/routes.v1.js:5:25)\n    at Module._compile (internal/modules/cjs/loader.js:778:30)\n    at Object.Module._extensions..js (internal/modules/cjs/loader.js:789:10)\n    at Module.load (internal/modules/cjs/loader.js:653:32)","exception":true,"date":"Tue Dec 01 2020 17:45:38 GMT+0900 (Korean Standard Time)","process":{"pid":3109,"uid":1000,"gid":1000,"cwd":"/mnt/d/wsl/hyperledger_projects/conun-blockchain-middleware","execPath":"/usr/bin/node","version":"v10.19.0","argv":["/usr/bin/node","/mnt/d/wsl/hyperledger_projects/conun-blockchain-middleware/app.js"],"memoryUsage":{"rss":125206528,"heapTotal":83427328,"heapUsed":52241128,"external":20636947}},"os":{"loadavg":[0.4482421875,0.14697265625,0.04931640625],"uptime":102983},"trace":[{"column":15,"file":"internal/modules/cjs/loader.js","function":"Module._resolveFilename","line":636,"method":"_resolveFilename","native":false},{"column":25,"file":"internal/modules/cjs/loader.js","function":"Module._load","line":562,"method":"_load","native":false},{"column":17,"file":"internal/modules/cjs/loader.js","function":"Module.require","line":692,"method":"require","native":false},{"column":18,"file":"internal/modules/cjs/helpers.js","function":"require","line":25,"method":null,"native":false},{"column":16,"file":"/mnt/d/wsl/hyperledger_projects/conun-blockchain-middleware/routes/chaincode/invoke.js","function":null,"line":4,"method":null,"native":false},{"column":30,"file":"internal/modules/cjs/loader.js","function":"Module._compile","line":778,"method":"_compile","native":false},{"column":10,"file":"internal/modules/cjs/loader.js","function":"Module._extensions..js","line":789,"method":".js","native":false},{"column":32,"file":"internal/modules/cjs/loader.js","function":"Module.load","line":653,"method":"load","native":false},{"column":12,"file":"internal/modules/cjs/loader.js","function":"tryModuleLoad","line":593,"method":null,"native":false},{"column":3,"file":"internal/modules/cjs/loader.js","function":"Module._load","line":585,"method":"_load","native":false},{"column":17,"file":"internal/modules/cjs/loader.js","function":"Module.require","line":692,"method":"require","native":false},{"column":18,"file":"internal/modules/cjs/helpers.js","function":"require","line":25,"method":null,"native":false},{"column":25,"file":"/mnt/d/wsl/hyperledger_projects/conun-blockchain-middleware/startup/routes.v1.js","function":null,"line":5,"method":null,"native":false},{"column":30,"file":"internal/modules/cjs/loader.js","function":"Module._compile","line":778,"method":"_compile","native":false},{"column":10,"file":"internal/modules/cjs/loader.js","function":"Module._extensions..js","line":789,"method":".js","native":false},{"column":32,"file":"internal/modules/cjs/loader.js","function":"Module.load","line":653,"method":"load","native":false}]}
{"level":"error","message":">> uncaughtException: "}
{"message":"Logger is working","level":"info"}
{"message":"Testing errors too!","level":"error"}
{"error":{"message":"Cannot find module './app/invoke'","stack":"Error: Cannot find module './app/invoke'\n    at Function.Module._resolveFilename (internal/modules/cjs/loader.js:636:15)\n    at Function.Module._load (internal/modules/cjs/loader.js:562:25)\n    at Module.require (internal/modules/cjs/loader.js:692:17)\n    at require (internal/modules/cjs/helpers.js:25:18)\n    at Object.<anonymous> (/mnt/d/wsl/hyperledger_projects/conun-blockchain-middleware/routes/chaincode/invoke.js:4:16)\n    at Module._compile (internal/modules/cjs/loader.js:778:30)\n    at Object.Module._extensions..js (internal/modules/cjs/loader.js:789:10)\n    at Module.load (internal/modules/cjs/loader.js:653:32)\n    at tryModuleLoad (internal/modules/cjs/loader.js:593:12)\n    at Function.Module._load (internal/modules/cjs/loader.js:585:3)\n    at Module.require (internal/modules/cjs/loader.js:692:17)\n    at require (internal/modules/cjs/helpers.js:25:18)\n    at Object.<anonymous> (/mnt/d/wsl/hyperledger_projects/conun-blockchain-middleware/startup/routes.v1.js:5:25)\n    at Module._compile (internal/modules/cjs/loader.js:778:30)\n    at Object.Module._extensions..js (internal/modules/cjs/loader.js:789:10)\n    at Module.load (internal/modules/cjs/loader.js:653:32)","code":"MODULE_NOT_FOUND"},"level":"error","message":"uncaughtException: Cannot find module './app/invoke'\nError: Cannot find module './app/invoke'\n    at Function.Module._resolveFilename (internal/modules/cjs/loader.js:636:15)\n    at Function.Module._load (internal/modules/cjs/loader.js:562:25)\n    at Module.require (internal/modules/cjs/loader.js:692:17)\n    at require (internal/modules/cjs/helpers.js:25:18)\n    at Object.<anonymous> (/mnt/d/wsl/hyperledger_projects/conun-blockchain-middleware/routes/chaincode/invoke.js:4:16)\n    at Module._compile (internal/modules/cjs/loader.js:778:30)\n    at Object.Module._extensions..js (internal/modules/cjs/loader.js:789:10)\n    at Module.load (internal/modules/cjs/loader.js:653:32)\n    at tryModuleLoad (internal/modules/cjs/loader.js:593:12)\n    at Function.Module._load (internal/modules/cjs/loader.js:585:3)\n    at Module.require (internal/modules/cjs/loader.js:692:17)\n    at require (internal/modules/cjs/helpers.js:25:18)\n    at Object.<anonymous> (/mnt/d/wsl/hyperledger_projects/conun-blockchain-middleware/startup/routes.v1.js:5:25)\n    at Module._compile (internal/modules/cjs/loader.js:778:30)\n    at Object.Module._extensions..js (internal/modules/cjs/loader.js:789:10)\n    at Module.load (internal/modules/cjs/loader.js:653:32)","stack":"Error: Cannot find module './app/invoke'\n    at Function.Module._resolveFilename (internal/modules/cjs/loader.js:636:15)\n    at Function.Module._load (internal/modules/cjs/loader.js:562:25)\n    at Module.require (internal/modules/cjs/loader.js:692:17)\n    at require (internal/modules/cjs/helpers.js:25:18)\n    at Object.<anonymous> (/mnt/d/wsl/hyperledger_projects/conun-blockchain-middleware/routes/chaincode/invoke.js:4:16)\n    at Module._compile (internal/modules/cjs/loader.js:778:30)\n    at Object.Module._extensions..js (internal/modules/cjs/loader.js:789:10)\n    at Module.load (internal/modules/cjs/loader.js:653:32)\n    at tryModuleLoad (internal/modules/cjs/loader.js:593:12)\n    at Function.Module._load (internal/modules/cjs/loader.js:585:3)\n    at Module.require (internal/modules/cjs/loader.js:692:17)\n    at require (internal/modules/cjs/helpers.js:25:18)\n    at Object.<anonymous> (/mnt/d/wsl/hyperledger_projects/conun-blockchain-middleware/startup/routes.v1.js:5:25)\n    at Module._compile (internal/modules/cjs/loader.js:778:30)\n    at Object.Module._extensions..js (internal/modules/cjs/loader.js:789:10)\n    at Module.load (internal/modules/cjs/loader.js:653:32)","exception":true,"date":"Tue Dec 01 2020 17:47:22 GMT+0900 (Korean Standard Time)","process":{"pid":3121,"uid":1000,"gid":1000,"cwd":"/mnt/d/wsl/hyperledger_projects/conun-blockchain-middleware","execPath":"/usr/bin/node","version":"v10.19.0","argv":["/usr/bin/node","/mnt/d/wsl/hyperledger_projects/conun-blockchain-middleware/app.js"],"memoryUsage":{"rss":127737856,"heapTotal":82903040,"heapUsed":52710744,"external":20767330}},"os":{"loadavg":[0.48095703125,0.19775390625,0.07373046875],"uptime":103087},"trace":[{"column":15,"file":"internal/modules/cjs/loader.js","function":"Module._resolveFilename","line":636,"method":"_resolveFilename","native":false},{"column":25,"file":"internal/modules/cjs/loader.js","function":"Module._load","line":562,"method":"_load","native":false},{"column":17,"file":"internal/modules/cjs/loader.js","function":"Module.require","line":692,"method":"require","native":false},{"column":18,"file":"internal/modules/cjs/helpers.js","function":"require","line":25,"method":null,"native":false},{"column":16,"file":"/mnt/d/wsl/hyperledger_projects/conun-blockchain-middleware/routes/chaincode/invoke.js","function":null,"line":4,"method":null,"native":false},{"column":30,"file":"internal/modules/cjs/loader.js","function":"Module._compile","line":778,"method":"_compile","native":false},{"column":10,"file":"internal/modules/cjs/loader.js","function":"Module._extensions..js","line":789,"method":".js","native":false},{"column":32,"file":"internal/modules/cjs/loader.js","function":"Module.load","line":653,"method":"load","native":false},{"column":12,"file":"internal/modules/cjs/loader.js","function":"tryModuleLoad","line":593,"method":null,"native":false},{"column":3,"file":"internal/modules/cjs/loader.js","function":"Module._load","line":585,"method":"_load","native":false},{"column":17,"file":"internal/modules/cjs/loader.js","function":"Module.require","line":692,"method":"require","native":false},{"column":18,"file":"internal/modules/cjs/helpers.js","function":"require","line":25,"method":null,"native":false},{"column":25,"file":"/mnt/d/wsl/hyperledger_projects/conun-blockchain-middleware/startup/routes.v1.js","function":null,"line":5,"method":null,"native":false},{"column":30,"file":"internal/modules/cjs/loader.js","function":"Module._compile","line":778,"method":"_compile","native":false},{"column":10,"file":"internal/modules/cjs/loader.js","function":"Module._extensions..js","line":789,"method":".js","native":false},{"column":32,"file":"internal/modules/cjs/loader.js","function":"Module.load","line":653,"method":"load","native":false}]}
{"level":"error","message":">> uncaughtException: "}
{"message":"Logger is working","level":"info"}
{"message":"Testing errors too!","level":"error"}
{"error":{"message":"Cannot find module './app/invoke'","stack":"Error: Cannot find module './app/invoke'\n    at Function.Module._resolveFilename (internal/modules/cjs/loader.js:636:15)\n    at Function.Module._load (internal/modules/cjs/loader.js:562:25)\n    at Module.require (internal/modules/cjs/loader.js:692:17)\n    at require (internal/modules/cjs/helpers.js:25:18)\n    at Object.<anonymous> (/mnt/d/wsl/hyperledger_projects/conun-blockchain-middleware/routes/chaincode/invoke.js:4:16)\n    at Module._compile (internal/modules/cjs/loader.js:778:30)\n    at Object.Module._extensions..js (internal/modules/cjs/loader.js:789:10)\n    at Module.load (internal/modules/cjs/loader.js:653:32)\n    at tryModuleLoad (internal/modules/cjs/loader.js:593:12)\n    at Function.Module._load (internal/modules/cjs/loader.js:585:3)\n    at Module.require (internal/modules/cjs/loader.js:692:17)\n    at require (internal/modules/cjs/helpers.js:25:18)\n    at Object.<anonymous> (/mnt/d/wsl/hyperledger_projects/conun-blockchain-middleware/startup/routes.v1.js:5:25)\n    at Module._compile (internal/modules/cjs/loader.js:778:30)\n    at Object.Module._extensions..js (internal/modules/cjs/loader.js:789:10)\n    at Module.load (internal/modules/cjs/loader.js:653:32)","code":"MODULE_NOT_FOUND"},"level":"error","message":"uncaughtException: Cannot find module './app/invoke'\nError: Cannot find module './app/invoke'\n    at Function.Module._resolveFilename (internal/modules/cjs/loader.js:636:15)\n    at Function.Module._load (internal/modules/cjs/loader.js:562:25)\n    at Module.require (internal/modules/cjs/loader.js:692:17)\n    at require (internal/modules/cjs/helpers.js:25:18)\n    at Object.<anonymous> (/mnt/d/wsl/hyperledger_projects/conun-blockchain-middleware/routes/chaincode/invoke.js:4:16)\n    at Module._compile (internal/modules/cjs/loader.js:778:30)\n    at Object.Module._extensions..js (internal/modules/cjs/loader.js:789:10)\n    at Module.load (internal/modules/cjs/loader.js:653:32)\n    at tryModuleLoad (internal/modules/cjs/loader.js:593:12)\n    at Function.Module._load (internal/modules/cjs/loader.js:585:3)\n    at Module.require (internal/modules/cjs/loader.js:692:17)\n    at require (internal/modules/cjs/helpers.js:25:18)\n    at Object.<anonymous> (/mnt/d/wsl/hyperledger_projects/conun-blockchain-middleware/startup/routes.v1.js:5:25)\n    at Module._compile (internal/modules/cjs/loader.js:778:30)\n    at Object.Module._extensions..js (internal/modules/cjs/loader.js:789:10)\n    at Module.load (internal/modules/cjs/loader.js:653:32)","stack":"Error: Cannot find module './app/invoke'\n    at Function.Module._resolveFilename (internal/modules/cjs/loader.js:636:15)\n    at Function.Module._load (internal/modules/cjs/loader.js:562:25)\n    at Module.require (internal/modules/cjs/loader.js:692:17)\n    at require (internal/modules/cjs/helpers.js:25:18)\n    at Object.<anonymous> (/mnt/d/wsl/hyperledger_projects/conun-blockchain-middleware/routes/chaincode/invoke.js:4:16)\n    at Module._compile (internal/modules/cjs/loader.js:778:30)\n    at Object.Module._extensions..js (internal/modules/cjs/loader.js:789:10)\n    at Module.load (internal/modules/cjs/loader.js:653:32)\n    at tryModuleLoad (internal/modules/cjs/loader.js:593:12)\n    at Function.Module._load (internal/modules/cjs/loader.js:585:3)\n    at Module.require (internal/modules/cjs/loader.js:692:17)\n    at require (internal/modules/cjs/helpers.js:25:18)\n    at Object.<anonymous> (/mnt/d/wsl/hyperledger_projects/conun-blockchain-middleware/startup/routes.v1.js:5:25)\n    at Module._compile (internal/modules/cjs/loader.js:778:30)\n    at Object.Module._extensions..js (internal/modules/cjs/loader.js:789:10)\n    at Module.load (internal/modules/cjs/loader.js:653:32)","exception":true,"date":"Tue Dec 01 2020 17:50:02 GMT+0900 (Korean Standard Time)","process":{"pid":3133,"uid":1000,"gid":1000,"cwd":"/mnt/d/wsl/hyperledger_projects/conun-blockchain-middleware","execPath":"/usr/bin/node","version":"v10.19.0","argv":["/usr/bin/node","/mnt/d/wsl/hyperledger_projects/conun-blockchain-middleware/app.js"],"memoryUsage":{"rss":127365120,"heapTotal":82903040,"heapUsed":52700008,"external":20767330}},"os":{"loadavg":[0.373046875,0.19140625,0.08740234375],"uptime":103247},"trace":[{"column":15,"file":"internal/modules/cjs/loader.js","function":"Module._resolveFilename","line":636,"method":"_resolveFilename","native":false},{"column":25,"file":"internal/modules/cjs/loader.js","function":"Module._load","line":562,"method":"_load","native":false},{"column":17,"file":"internal/modules/cjs/loader.js","function":"Module.require","line":692,"method":"require","native":false},{"column":18,"file":"internal/modules/cjs/helpers.js","function":"require","line":25,"method":null,"native":false},{"column":16,"file":"/mnt/d/wsl/hyperledger_projects/conun-blockchain-middleware/routes/chaincode/invoke.js","function":null,"line":4,"method":null,"native":false},{"column":30,"file":"internal/modules/cjs/loader.js","function":"Module._compile","line":778,"method":"_compile","native":false},{"column":10,"file":"internal/modules/cjs/loader.js","function":"Module._extensions..js","line":789,"method":".js","native":false},{"column":32,"file":"internal/modules/cjs/loader.js","function":"Module.load","line":653,"method":"load","native":false},{"column":12,"file":"internal/modules/cjs/loader.js","function":"tryModuleLoad","line":593,"method":null,"native":false},{"column":3,"file":"internal/modules/cjs/loader.js","function":"Module._load","line":585,"method":"_load","native":false},{"column":17,"file":"internal/modules/cjs/loader.js","function":"Module.require","line":692,"method":"require","native":false},{"column":18,"file":"internal/modules/cjs/helpers.js","function":"require","line":25,"method":null,"native":false},{"column":25,"file":"/mnt/d/wsl/hyperledger_projects/conun-blockchain-middleware/startup/routes.v1.js","function":null,"line":5,"method":null,"native":false},{"column":30,"file":"internal/modules/cjs/loader.js","function":"Module._compile","line":778,"method":"_compile","native":false},{"column":10,"file":"internal/modules/cjs/loader.js","function":"Module._extensions..js","line":789,"method":".js","native":false},{"column":32,"file":"internal/modules/cjs/loader.js","function":"Module.load","line":653,"method":"load","native":false}]}
{"level":"error","message":">> uncaughtException: "}
{"message":"Logger is working","level":"info"}
{"message":"Testing errors too!","level":"error"}
{"error":{"message":"Cannot find module './app/invoke'","stack":"Error: Cannot find module './app/invoke'\n    at Function.Module._resolveFilename (internal/modules/cjs/loader.js:636:15)\n    at Function.Module._load (internal/modules/cjs/loader.js:562:25)\n    at Module.require (internal/modules/cjs/loader.js:692:17)\n    at require (internal/modules/cjs/helpers.js:25:18)\n    at Object.<anonymous> (/mnt/d/wsl/hyperledger_projects/conun-blockchain-middleware/routes/chaincode/invoke.js:4:16)\n    at Module._compile (internal/modules/cjs/loader.js:778:30)\n    at Object.Module._extensions..js (internal/modules/cjs/loader.js:789:10)\n    at Module.load (internal/modules/cjs/loader.js:653:32)\n    at tryModuleLoad (internal/modules/cjs/loader.js:593:12)\n    at Function.Module._load (internal/modules/cjs/loader.js:585:3)\n    at Module.require (internal/modules/cjs/loader.js:692:17)\n    at require (internal/modules/cjs/helpers.js:25:18)\n    at Object.<anonymous> (/mnt/d/wsl/hyperledger_projects/conun-blockchain-middleware/startup/routes.v1.js:5:25)\n    at Module._compile (internal/modules/cjs/loader.js:778:30)\n    at Object.Module._extensions..js (internal/modules/cjs/loader.js:789:10)\n    at Module.load (internal/modules/cjs/loader.js:653:32)","code":"MODULE_NOT_FOUND"},"level":"error","message":"uncaughtException: Cannot find module './app/invoke'\nError: Cannot find module './app/invoke'\n    at Function.Module._resolveFilename (internal/modules/cjs/loader.js:636:15)\n    at Function.Module._load (internal/modules/cjs/loader.js:562:25)\n    at Module.require (internal/modules/cjs/loader.js:692:17)\n    at require (internal/modules/cjs/helpers.js:25:18)\n    at Object.<anonymous> (/mnt/d/wsl/hyperledger_projects/conun-blockchain-middleware/routes/chaincode/invoke.js:4:16)\n    at Module._compile (internal/modules/cjs/loader.js:778:30)\n    at Object.Module._extensions..js (internal/modules/cjs/loader.js:789:10)\n    at Module.load (internal/modules/cjs/loader.js:653:32)\n    at tryModuleLoad (internal/modules/cjs/loader.js:593:12)\n    at Function.Module._load (internal/modules/cjs/loader.js:585:3)\n    at Module.require (internal/modules/cjs/loader.js:692:17)\n    at require (internal/modules/cjs/helpers.js:25:18)\n    at Object.<anonymous> (/mnt/d/wsl/hyperledger_projects/conun-blockchain-middleware/startup/routes.v1.js:5:25)\n    at Module._compile (internal/modules/cjs/loader.js:778:30)\n    at Object.Module._extensions..js (internal/modules/cjs/loader.js:789:10)\n    at Module.load (internal/modules/cjs/loader.js:653:32)","stack":"Error: Cannot find module './app/invoke'\n    at Function.Module._resolveFilename (internal/modules/cjs/loader.js:636:15)\n    at Function.Module._load (internal/modules/cjs/loader.js:562:25)\n    at Module.require (internal/modules/cjs/loader.js:692:17)\n    at require (internal/modules/cjs/helpers.js:25:18)\n    at Object.<anonymous> (/mnt/d/wsl/hyperledger_projects/conun-blockchain-middleware/routes/chaincode/invoke.js:4:16)\n    at Module._compile (internal/modules/cjs/loader.js:778:30)\n    at Object.Module._extensions..js (internal/modules/cjs/loader.js:789:10)\n    at Module.load (internal/modules/cjs/loader.js:653:32)\n    at tryModuleLoad (internal/modules/cjs/loader.js:593:12)\n    at Function.Module._load (internal/modules/cjs/loader.js:585:3)\n    at Module.require (internal/modules/cjs/loader.js:692:17)\n    at require (internal/modules/cjs/helpers.js:25:18)\n    at Object.<anonymous> (/mnt/d/wsl/hyperledger_projects/conun-blockchain-middleware/startup/routes.v1.js:5:25)\n    at Module._compile (internal/modules/cjs/loader.js:778:30)\n    at Object.Module._extensions..js (internal/modules/cjs/loader.js:789:10)\n    at Module.load (internal/modules/cjs/loader.js:653:32)","exception":true,"date":"Tue Dec 01 2020 17:52:41 GMT+0900 (Korean Standard Time)","process":{"pid":3145,"uid":1000,"gid":1000,"cwd":"/mnt/d/wsl/hyperledger_projects/conun-blockchain-middleware","execPath":"/usr/bin/node","version":"v10.19.0","argv":["/usr/bin/node","/mnt/d/wsl/hyperledger_projects/conun-blockchain-middleware/app.js"],"memoryUsage":{"rss":127819776,"heapTotal":82903040,"heapUsed":52650656,"external":20767330}},"os":{"loadavg":[0.39013671875,0.19091796875,0.10107421875],"uptime":103406},"trace":[{"column":15,"file":"internal/modules/cjs/loader.js","function":"Module._resolveFilename","line":636,"method":"_resolveFilename","native":false},{"column":25,"file":"internal/modules/cjs/loader.js","function":"Module._load","line":562,"method":"_load","native":false},{"column":17,"file":"internal/modules/cjs/loader.js","function":"Module.require","line":692,"method":"require","native":false},{"column":18,"file":"internal/modules/cjs/helpers.js","function":"require","line":25,"method":null,"native":false},{"column":16,"file":"/mnt/d/wsl/hyperledger_projects/conun-blockchain-middleware/routes/chaincode/invoke.js","function":null,"line":4,"method":null,"native":false},{"column":30,"file":"internal/modules/cjs/loader.js","function":"Module._compile","line":778,"method":"_compile","native":false},{"column":10,"file":"internal/modules/cjs/loader.js","function":"Module._extensions..js","line":789,"method":".js","native":false},{"column":32,"file":"internal/modules/cjs/loader.js","function":"Module.load","line":653,"method":"load","native":false},{"column":12,"file":"internal/modules/cjs/loader.js","function":"tryModuleLoad","line":593,"method":null,"native":false},{"column":3,"file":"internal/modules/cjs/loader.js","function":"Module._load","line":585,"method":"_load","native":false},{"column":17,"file":"internal/modules/cjs/loader.js","function":"Module.require","line":692,"method":"require","native":false},{"column":18,"file":"internal/modules/cjs/helpers.js","function":"require","line":25,"method":null,"native":false},{"column":25,"file":"/mnt/d/wsl/hyperledger_projects/conun-blockchain-middleware/startup/routes.v1.js","function":null,"line":5,"method":null,"native":false},{"column":30,"file":"internal/modules/cjs/loader.js","function":"Module._compile","line":778,"method":"_compile","native":false},{"column":10,"file":"internal/modules/cjs/loader.js","function":"Module._extensions..js","line":789,"method":".js","native":false},{"column":32,"file":"internal/modules/cjs/loader.js","function":"Module.load","line":653,"method":"load","native":false}]}
{"level":"error","message":">> uncaughtException: "}
{"message":"Logger is working","level":"info"}
{"message":"Testing errors too!","level":"error"}
{"error":{"message":"Cannot find module './app/invoke'","stack":"Error: Cannot find module './app/invoke'\n    at Function.Module._resolveFilename (internal/modules/cjs/loader.js:636:15)\n    at Function.Module._load (internal/modules/cjs/loader.js:562:25)\n    at Module.require (internal/modules/cjs/loader.js:692:17)\n    at require (internal/modules/cjs/helpers.js:25:18)\n    at Object.<anonymous> (/mnt/d/wsl/hyperledger_projects/conun-blockchain-middleware/routes/chaincode/invoke.js:4:16)\n    at Module._compile (internal/modules/cjs/loader.js:778:30)\n    at Object.Module._extensions..js (internal/modules/cjs/loader.js:789:10)\n    at Module.load (internal/modules/cjs/loader.js:653:32)\n    at tryModuleLoad (internal/modules/cjs/loader.js:593:12)\n    at Function.Module._load (internal/modules/cjs/loader.js:585:3)\n    at Module.require (internal/modules/cjs/loader.js:692:17)\n    at require (internal/modules/cjs/helpers.js:25:18)\n    at Object.<anonymous> (/mnt/d/wsl/hyperledger_projects/conun-blockchain-middleware/startup/routes.v1.js:5:25)\n    at Module._compile (internal/modules/cjs/loader.js:778:30)\n    at Object.Module._extensions..js (internal/modules/cjs/loader.js:789:10)\n    at Module.load (internal/modules/cjs/loader.js:653:32)","code":"MODULE_NOT_FOUND"},"level":"error","message":"uncaughtException: Cannot find module './app/invoke'\nError: Cannot find module './app/invoke'\n    at Function.Module._resolveFilename (internal/modules/cjs/loader.js:636:15)\n    at Function.Module._load (internal/modules/cjs/loader.js:562:25)\n    at Module.require (internal/modules/cjs/loader.js:692:17)\n    at require (internal/modules/cjs/helpers.js:25:18)\n    at Object.<anonymous> (/mnt/d/wsl/hyperledger_projects/conun-blockchain-middleware/routes/chaincode/invoke.js:4:16)\n    at Module._compile (internal/modules/cjs/loader.js:778:30)\n    at Object.Module._extensions..js (internal/modules/cjs/loader.js:789:10)\n    at Module.load (internal/modules/cjs/loader.js:653:32)\n    at tryModuleLoad (internal/modules/cjs/loader.js:593:12)\n    at Function.Module._load (internal/modules/cjs/loader.js:585:3)\n    at Module.require (internal/modules/cjs/loader.js:692:17)\n    at require (internal/modules/cjs/helpers.js:25:18)\n    at Object.<anonymous> (/mnt/d/wsl/hyperledger_projects/conun-blockchain-middleware/startup/routes.v1.js:5:25)\n    at Module._compile (internal/modules/cjs/loader.js:778:30)\n    at Object.Module._extensions..js (internal/modules/cjs/loader.js:789:10)\n    at Module.load (internal/modules/cjs/loader.js:653:32)","stack":"Error: Cannot find module './app/invoke'\n    at Function.Module._resolveFilename (internal/modules/cjs/loader.js:636:15)\n    at Function.Module._load (internal/modules/cjs/loader.js:562:25)\n    at Module.require (internal/modules/cjs/loader.js:692:17)\n    at require (internal/modules/cjs/helpers.js:25:18)\n    at Object.<anonymous> (/mnt/d/wsl/hyperledger_projects/conun-blockchain-middleware/routes/chaincode/invoke.js:4:16)\n    at Module._compile (internal/modules/cjs/loader.js:778:30)\n    at Object.Module._extensions..js (internal/modules/cjs/loader.js:789:10)\n    at Module.load (internal/modules/cjs/loader.js:653:32)\n    at tryModuleLoad (internal/modules/cjs/loader.js:593:12)\n    at Function.Module._load (internal/modules/cjs/loader.js:585:3)\n    at Module.require (internal/modules/cjs/loader.js:692:17)\n    at require (internal/modules/cjs/helpers.js:25:18)\n    at Object.<anonymous> (/mnt/d/wsl/hyperledger_projects/conun-blockchain-middleware/startup/routes.v1.js:5:25)\n    at Module._compile (internal/modules/cjs/loader.js:778:30)\n    at Object.Module._extensions..js (internal/modules/cjs/loader.js:789:10)\n    at Module.load (internal/modules/cjs/loader.js:653:32)","exception":true,"date":"Tue Dec 01 2020 17:53:07 GMT+0900 (Korean Standard Time)","process":{"pid":3157,"uid":1000,"gid":1000,"cwd":"/mnt/d/wsl/hyperledger_projects/conun-blockchain-middleware","execPath":"/usr/bin/node","version":"v10.19.0","argv":["/usr/bin/node","/mnt/d/wsl/hyperledger_projects/conun-blockchain-middleware/app.js"],"memoryUsage":{"rss":122994688,"heapTotal":83427328,"heapUsed":52133496,"external":20636947}},"os":{"loadavg":[0.57861328125,0.25390625,0.12451171875],"uptime":103432},"trace":[{"column":15,"file":"internal/modules/cjs/loader.js","function":"Module._resolveFilename","line":636,"method":"_resolveFilename","native":false},{"column":25,"file":"internal/modules/cjs/loader.js","function":"Module._load","line":562,"method":"_load","native":false},{"column":17,"file":"internal/modules/cjs/loader.js","function":"Module.require","line":692,"method":"require","native":false},{"column":18,"file":"internal/modules/cjs/helpers.js","function":"require","line":25,"method":null,"native":false},{"column":16,"file":"/mnt/d/wsl/hyperledger_projects/conun-blockchain-middleware/routes/chaincode/invoke.js","function":null,"line":4,"method":null,"native":false},{"column":30,"file":"internal/modules/cjs/loader.js","function":"Module._compile","line":778,"method":"_compile","native":false},{"column":10,"file":"internal/modules/cjs/loader.js","function":"Module._extensions..js","line":789,"method":".js","native":false},{"column":32,"file":"internal/modules/cjs/loader.js","function":"Module.load","line":653,"method":"load","native":false},{"column":12,"file":"internal/modules/cjs/loader.js","function":"tryModuleLoad","line":593,"method":null,"native":false},{"column":3,"file":"internal/modules/cjs/loader.js","function":"Module._load","line":585,"method":"_load","native":false},{"column":17,"file":"internal/modules/cjs/loader.js","function":"Module.require","line":692,"method":"require","native":false},{"column":18,"file":"internal/modules/cjs/helpers.js","function":"require","line":25,"method":null,"native":false},{"column":25,"file":"/mnt/d/wsl/hyperledger_projects/conun-blockchain-middleware/startup/routes.v1.js","function":null,"line":5,"method":null,"native":false},{"column":30,"file":"internal/modules/cjs/loader.js","function":"Module._compile","line":778,"method":"_compile","native":false},{"column":10,"file":"internal/modules/cjs/loader.js","function":"Module._extensions..js","line":789,"method":".js","native":false},{"column":32,"file":"internal/modules/cjs/loader.js","function":"Module.load","line":653,"method":"load","native":false}]}
{"level":"error","message":">> uncaughtException: "}
{"message":"Logger is working","level":"info"}
{"message":"Testing errors too!","level":"error"}
{"error":{"message":"Cannot find module './app/invoke'","stack":"Error: Cannot find module './app/invoke'\n    at Function.Module._resolveFilename (internal/modules/cjs/loader.js:636:15)\n    at Function.Module._load (internal/modules/cjs/loader.js:562:25)\n    at Module.require (internal/modules/cjs/loader.js:692:17)\n    at require (internal/modules/cjs/helpers.js:25:18)\n    at Object.<anonymous> (/mnt/d/wsl/hyperledger_projects/conun-blockchain-middleware/routes/chaincode/invoke.js:4:16)\n    at Module._compile (internal/modules/cjs/loader.js:778:30)\n    at Object.Module._extensions..js (internal/modules/cjs/loader.js:789:10)\n    at Module.load (internal/modules/cjs/loader.js:653:32)\n    at tryModuleLoad (internal/modules/cjs/loader.js:593:12)\n    at Function.Module._load (internal/modules/cjs/loader.js:585:3)\n    at Module.require (internal/modules/cjs/loader.js:692:17)\n    at require (internal/modules/cjs/helpers.js:25:18)\n    at Object.<anonymous> (/mnt/d/wsl/hyperledger_projects/conun-blockchain-middleware/startup/routes.v1.js:5:25)\n    at Module._compile (internal/modules/cjs/loader.js:778:30)\n    at Object.Module._extensions..js (internal/modules/cjs/loader.js:789:10)\n    at Module.load (internal/modules/cjs/loader.js:653:32)","code":"MODULE_NOT_FOUND"},"level":"error","message":"uncaughtException: Cannot find module './app/invoke'\nError: Cannot find module './app/invoke'\n    at Function.Module._resolveFilename (internal/modules/cjs/loader.js:636:15)\n    at Function.Module._load (internal/modules/cjs/loader.js:562:25)\n    at Module.require (internal/modules/cjs/loader.js:692:17)\n    at require (internal/modules/cjs/helpers.js:25:18)\n    at Object.<anonymous> (/mnt/d/wsl/hyperledger_projects/conun-blockchain-middleware/routes/chaincode/invoke.js:4:16)\n    at Module._compile (internal/modules/cjs/loader.js:778:30)\n    at Object.Module._extensions..js (internal/modules/cjs/loader.js:789:10)\n    at Module.load (internal/modules/cjs/loader.js:653:32)\n    at tryModuleLoad (internal/modules/cjs/loader.js:593:12)\n    at Function.Module._load (internal/modules/cjs/loader.js:585:3)\n    at Module.require (internal/modules/cjs/loader.js:692:17)\n    at require (internal/modules/cjs/helpers.js:25:18)\n    at Object.<anonymous> (/mnt/d/wsl/hyperledger_projects/conun-blockchain-middleware/startup/routes.v1.js:5:25)\n    at Module._compile (internal/modules/cjs/loader.js:778:30)\n    at Object.Module._extensions..js (internal/modules/cjs/loader.js:789:10)\n    at Module.load (internal/modules/cjs/loader.js:653:32)","stack":"Error: Cannot find module './app/invoke'\n    at Function.Module._resolveFilename (internal/modules/cjs/loader.js:636:15)\n    at Function.Module._load (internal/modules/cjs/loader.js:562:25)\n    at Module.require (internal/modules/cjs/loader.js:692:17)\n    at require (internal/modules/cjs/helpers.js:25:18)\n    at Object.<anonymous> (/mnt/d/wsl/hyperledger_projects/conun-blockchain-middleware/routes/chaincode/invoke.js:4:16)\n    at Module._compile (internal/modules/cjs/loader.js:778:30)\n    at Object.Module._extensions..js (internal/modules/cjs/loader.js:789:10)\n    at Module.load (internal/modules/cjs/loader.js:653:32)\n    at tryModuleLoad (internal/modules/cjs/loader.js:593:12)\n    at Function.Module._load (internal/modules/cjs/loader.js:585:3)\n    at Module.require (internal/modules/cjs/loader.js:692:17)\n    at require (internal/modules/cjs/helpers.js:25:18)\n    at Object.<anonymous> (/mnt/d/wsl/hyperledger_projects/conun-blockchain-middleware/startup/routes.v1.js:5:25)\n    at Module._compile (internal/modules/cjs/loader.js:778:30)\n    at Object.Module._extensions..js (internal/modules/cjs/loader.js:789:10)\n    at Module.load (internal/modules/cjs/loader.js:653:32)","exception":true,"date":"Tue Dec 01 2020 17:54:17 GMT+0900 (Korean Standard Time)","process":{"pid":3169,"uid":1000,"gid":1000,"cwd":"/mnt/d/wsl/hyperledger_projects/conun-blockchain-middleware","execPath":"/usr/bin/node","version":"v10.19.0","argv":["/usr/bin/node","/mnt/d/wsl/hyperledger_projects/conun-blockchain-middleware/app.js"],"memoryUsage":{"rss":125251584,"heapTotal":83951616,"heapUsed":52215672,"external":20636947}},"os":{"loadavg":[0.52099609375,0.2802734375,0.14013671875],"uptime":103502},"trace":[{"column":15,"file":"internal/modules/cjs/loader.js","function":"Module._resolveFilename","line":636,"method":"_resolveFilename","native":false},{"column":25,"file":"internal/modules/cjs/loader.js","function":"Module._load","line":562,"method":"_load","native":false},{"column":17,"file":"internal/modules/cjs/loader.js","function":"Module.require","line":692,"method":"require","native":false},{"column":18,"file":"internal/modules/cjs/helpers.js","function":"require","line":25,"method":null,"native":false},{"column":16,"file":"/mnt/d/wsl/hyperledger_projects/conun-blockchain-middleware/routes/chaincode/invoke.js","function":null,"line":4,"method":null,"native":false},{"column":30,"file":"internal/modules/cjs/loader.js","function":"Module._compile","line":778,"method":"_compile","native":false},{"column":10,"file":"internal/modules/cjs/loader.js","function":"Module._extensions..js","line":789,"method":".js","native":false},{"column":32,"file":"internal/modules/cjs/loader.js","function":"Module.load","line":653,"method":"load","native":false},{"column":12,"file":"internal/modules/cjs/loader.js","function":"tryModuleLoad","line":593,"method":null,"native":false},{"column":3,"file":"internal/modules/cjs/loader.js","function":"Module._load","line":585,"method":"_load","native":false},{"column":17,"file":"internal/modules/cjs/loader.js","function":"Module.require","line":692,"method":"require","native":false},{"column":18,"file":"internal/modules/cjs/helpers.js","function":"require","line":25,"method":null,"native":false},{"column":25,"file":"/mnt/d/wsl/hyperledger_projects/conun-blockchain-middleware/startup/routes.v1.js","function":null,"line":5,"method":null,"native":false},{"column":30,"file":"internal/modules/cjs/loader.js","function":"Module._compile","line":778,"method":"_compile","native":false},{"column":10,"file":"internal/modules/cjs/loader.js","function":"Module._extensions..js","line":789,"method":".js","native":false},{"column":32,"file":"internal/modules/cjs/loader.js","function":"Module.load","line":653,"method":"load","native":false}]}
{"level":"error","message":">> uncaughtException: "}
